<?xml version="1.0" encoding="UTF-8" ?>
<testsuite tests="4" failures="1" name="loja.TesteServicoCategoria" time="2.658" errors="2" skipped="0">
  <properties>
    <property name="java.runtime.name" value="Java(TM) SE Runtime Environment"/>
    <property name="sun.boot.library.path" value="C:\Program Files\Java\jdk1.8.0_111\jre\bin"/>
    <property name="java.vm.version" value="25.111-b14"/>
    <property name="java.vm.vendor" value="Oracle Corporation"/>
    <property name="maven.multiModuleProjectDirectory" value="C:\Users\116119050\git\arqs\loja"/>
    <property name="java.vendor.url" value="http://java.oracle.com/"/>
    <property name="path.separator" value=";"/>
    <property name="guice.disable.misplaced.annotation.check" value="true"/>
    <property name="java.vm.name" value="Java HotSpot(TM) 64-Bit Server VM"/>
    <property name="file.encoding.pkg" value="sun.io"/>
    <property name="user.script" value=""/>
    <property name="user.country" value="BR"/>
    <property name="sun.java.launcher" value="SUN_STANDARD"/>
    <property name="sun.os.patch.level" value=""/>
    <property name="java.vm.specification.name" value="Java Virtual Machine Specification"/>
    <property name="user.dir" value="C:\Users\116119050\git\arqs\loja"/>
    <property name="java.runtime.version" value="1.8.0_111-b14"/>
    <property name="java.awt.graphicsenv" value="sun.awt.Win32GraphicsEnvironment"/>
    <property name="java.endorsed.dirs" value="C:\Program Files\Java\jdk1.8.0_111\jre\lib\endorsed"/>
    <property name="os.arch" value="amd64"/>
    <property name="java.io.tmpdir" value="C:\Users\116119~1\AppData\Local\Temp\"/>
    <property name="line.separator" value="
"/>
    <property name="java.vm.specification.vendor" value="Oracle Corporation"/>
    <property name="user.variant" value=""/>
    <property name="os.name" value="Windows 10"/>
    <property name="classworlds.conf" value="C:\Users\116119050\workspace\.metadata\.plugins\org.eclipse.m2e.launching\launches\m2conf8766654188657731794.tmp"/>
    <property name="sun.jnu.encoding" value="Cp1252"/>
    <property name="java.library.path" value="C:\Program Files\Java\jdk1.8.0_111\bin;C:\Windows\Sun\Java\bin;C:\Windows\system32;C:\Windows;C:/Program Files/Java/jre1.8.0_151/bin/server;C:/Program Files/Java/jre1.8.0_151/bin;C:/Program Files/Java/jre1.8.0_151/lib/amd64;C:\Program Files\Docker\Docker\Resources\bin;C:\ProgramData\Oracle\Java\javapath;C:\Windows\system32;C:\Windows;C:\Windows\System32\Wbem;C:\Windows\System32\WindowsPowerShell\v1.0\;C:\Program Files\Git\cmd;C:\Users\116119050\AppData\Local\Microsoft\WindowsApps;C:\eclipse;;."/>
    <property name="java.specification.name" value="Java Platform API Specification"/>
    <property name="java.class.version" value="52.0"/>
    <property name="sun.management.compiler" value="HotSpot 64-Bit Tiered Compilers"/>
    <property name="os.version" value="10.0"/>
    <property name="user.home" value="C:\Users\116119050"/>
    <property name="user.timezone" value="America/Sao_Paulo"/>
    <property name="java.awt.printerjob" value="sun.awt.windows.WPrinterJob"/>
    <property name="java.specification.version" value="1.8"/>
    <property name="file.encoding" value="Cp1252"/>
    <property name="user.name" value="116119050"/>
    <property name="java.class.path" value="/C:/eclipse/plugins/org.eclipse.m2e.maven.runtime_1.7.0.20160603-1931/jars/plexus-classworlds-2.5.2.jar"/>
    <property name="java.vm.specification.version" value="1.8"/>
    <property name="sun.arch.data.model" value="64"/>
    <property name="java.home" value="C:\Program Files\Java\jdk1.8.0_111\jre"/>
    <property name="sun.java.command" value="org.codehaus.plexus.classworlds.launcher.Launcher -Parq-wildfly-remote -B clean test"/>
    <property name="java.specification.vendor" value="Oracle Corporation"/>
    <property name="user.language" value="pt"/>
    <property name="awt.toolkit" value="sun.awt.windows.WToolkit"/>
    <property name="java.vm.info" value="mixed mode"/>
    <property name="java.version" value="1.8.0_111"/>
    <property name="java.ext.dirs" value="C:\Program Files\Java\jdk1.8.0_111\jre\lib\ext;C:\Windows\Sun\Java\lib\ext"/>
    <property name="sun.boot.class.path" value="C:\Program Files\Java\jdk1.8.0_111\jre\lib\resources.jar;C:\Program Files\Java\jdk1.8.0_111\jre\lib\rt.jar;C:\Program Files\Java\jdk1.8.0_111\jre\lib\sunrsasign.jar;C:\Program Files\Java\jdk1.8.0_111\jre\lib\jsse.jar;C:\Program Files\Java\jdk1.8.0_111\jre\lib\jce.jar;C:\Program Files\Java\jdk1.8.0_111\jre\lib\charsets.jar;C:\Program Files\Java\jdk1.8.0_111\jre\lib\jfr.jar;C:\Program Files\Java\jdk1.8.0_111\jre\classes"/>
    <property name="java.vendor" value="Oracle Corporation"/>
    <property name="maven.home" value="C:\Users\116119050\git\arqs\loja\EMBEDDED"/>
    <property name="file.separator" value="\"/>
    <property name="java.vendor.url.bug" value="http://bugreport.sun.com/bugreport/"/>
    <property name="sun.cpu.endian" value="little"/>
    <property name="sun.io.unicode.encoding" value="UnicodeLittle"/>
    <property name="sun.desktop" value="windows"/>
    <property name="sun.cpu.isalist" value="amd64"/>
  </properties>
  <testcase classname="loja.TesteServicoCategoria" name="teste01_inserirSemErro" time="2.199"/>
  <testcase classname="loja.TesteServicoCategoria" name="teste02_inserirComErro" time="0.152">
    <failure type="java.lang.AssertionError">java.lang.AssertionError
	at org.junit.Assert.fail(Assert.java:86)
	at org.junit.Assert.assertTrue(Assert.java:41)
	at org.junit.Assert.assertTrue(Assert.java:52)
	at loja.TesteServicoCategoria.teste02_inserirComErro(TesteServicoCategoria.java:68)
	at sun.reflect.NativeMethodAccessorImpl.invoke0(Native Method)
	at sun.reflect.NativeMethodAccessorImpl.invoke(Unknown Source)
	at sun.reflect.DelegatingMethodAccessorImpl.invoke(Unknown Source)
	at java.lang.reflect.Method.invoke(Unknown Source)
	at org.junit.runners.model.FrameworkMethod$1.runReflectiveCall(FrameworkMethod.java:50)
	at org.junit.internal.runners.model.ReflectiveCallable.run(ReflectiveCallable.java:12)
	at org.junit.runners.model.FrameworkMethod.invokeExplosively(FrameworkMethod.java:47)
	at org.jboss.arquillian.junit.Arquillian$8$1.invoke(Arquillian.java:334)
	at org.jboss.arquillian.container.test.impl.execution.LocalTestExecuter.execute(LocalTestExecuter.java:57)
	at sun.reflect.NativeMethodAccessorImpl.invoke0(Native Method)
	at sun.reflect.NativeMethodAccessorImpl.invoke(Unknown Source)
	at sun.reflect.DelegatingMethodAccessorImpl.invoke(Unknown Source)
	at java.lang.reflect.Method.invoke(Unknown Source)
	at org.jboss.arquillian.core.impl.ObserverImpl.invoke(ObserverImpl.java:86)
	at org.jboss.arquillian.core.impl.EventContextImpl.invokeObservers(EventContextImpl.java:103)
	at org.jboss.arquillian.core.impl.EventContextImpl.proceed(EventContextImpl.java:90)
	at org.jboss.arquillian.core.impl.ManagerImpl.fire(ManagerImpl.java:133)
	at org.jboss.arquillian.core.impl.ManagerImpl.fire(ManagerImpl.java:105)
	at org.jboss.arquillian.core.impl.EventImpl.fire(EventImpl.java:62)
	at org.jboss.arquillian.container.test.impl.execution.ContainerTestExecuter.execute(ContainerTestExecuter.java:36)
	at sun.reflect.NativeMethodAccessorImpl.invoke0(Native Method)
	at sun.reflect.NativeMethodAccessorImpl.invoke(Unknown Source)
	at sun.reflect.DelegatingMethodAccessorImpl.invoke(Unknown Source)
	at java.lang.reflect.Method.invoke(Unknown Source)
	at org.jboss.arquillian.core.impl.ObserverImpl.invoke(ObserverImpl.java:86)
	at org.jboss.arquillian.core.impl.EventContextImpl.invokeObservers(EventContextImpl.java:103)
	at org.jboss.arquillian.core.impl.EventContextImpl.proceed(EventContextImpl.java:90)
	at org.jboss.arquillian.test.impl.TestContextHandler.createTestContext(TestContextHandler.java:116)
	at sun.reflect.NativeMethodAccessorImpl.invoke0(Native Method)
	at sun.reflect.NativeMethodAccessorImpl.invoke(Unknown Source)
	at sun.reflect.DelegatingMethodAccessorImpl.invoke(Unknown Source)
	at java.lang.reflect.Method.invoke(Unknown Source)
	at org.jboss.arquillian.core.impl.ObserverImpl.invoke(ObserverImpl.java:86)
	at org.jboss.arquillian.core.impl.EventContextImpl.proceed(EventContextImpl.java:95)
	at org.jboss.arquillian.test.impl.TestContextHandler.createClassContext(TestContextHandler.java:83)
	at sun.reflect.NativeMethodAccessorImpl.invoke0(Native Method)
	at sun.reflect.NativeMethodAccessorImpl.invoke(Unknown Source)
	at sun.reflect.DelegatingMethodAccessorImpl.invoke(Unknown Source)
	at java.lang.reflect.Method.invoke(Unknown Source)
	at org.jboss.arquillian.core.impl.ObserverImpl.invoke(ObserverImpl.java:86)
	at org.jboss.arquillian.core.impl.EventContextImpl.proceed(EventContextImpl.java:95)
	at org.jboss.arquillian.test.impl.TestContextHandler.createSuiteContext(TestContextHandler.java:69)
	at sun.reflect.NativeMethodAccessorImpl.invoke0(Native Method)
	at sun.reflect.NativeMethodAccessorImpl.invoke(Unknown Source)
	at sun.reflect.DelegatingMethodAccessorImpl.invoke(Unknown Source)
	at java.lang.reflect.Method.invoke(Unknown Source)
	at org.jboss.arquillian.core.impl.ObserverImpl.invoke(ObserverImpl.java:86)
	at org.jboss.arquillian.core.impl.EventContextImpl.proceed(EventContextImpl.java:95)
	at org.jboss.arquillian.core.impl.ManagerImpl.fire(ManagerImpl.java:133)
	at org.jboss.arquillian.test.impl.EventTestRunnerAdaptor.test(EventTestRunnerAdaptor.java:122)
	at org.jboss.arquillian.junit.Arquillian$8.evaluate(Arquillian.java:330)
	at org.jboss.arquillian.junit.Arquillian$4.evaluate(Arquillian.java:212)
	at org.jboss.arquillian.junit.Arquillian.multiExecute(Arquillian.java:376)
	at org.jboss.arquillian.junit.Arquillian.access$200(Arquillian.java:54)
	at org.jboss.arquillian.junit.Arquillian$5.evaluate(Arquillian.java:223)
	at org.jboss.arquillian.junit.Arquillian$7$1.invoke(Arquillian.java:287)
	at org.jboss.arquillian.container.test.impl.execution.BeforeLifecycleEventExecuter.on(BeforeLifecycleEventExecuter.java:34)
	at sun.reflect.NativeMethodAccessorImpl.invoke0(Native Method)
	at sun.reflect.NativeMethodAccessorImpl.invoke(Unknown Source)
	at sun.reflect.DelegatingMethodAccessorImpl.invoke(Unknown Source)
	at java.lang.reflect.Method.invoke(Unknown Source)
	at org.jboss.arquillian.core.impl.ObserverImpl.invoke(ObserverImpl.java:86)
	at org.jboss.arquillian.core.impl.EventContextImpl.invokeObservers(EventContextImpl.java:103)
	at org.jboss.arquillian.core.impl.EventContextImpl.proceed(EventContextImpl.java:90)
	at org.jboss.arquillian.test.impl.TestContextHandler.createTestContext(TestContextHandler.java:116)
	at sun.reflect.NativeMethodAccessorImpl.invoke0(Native Method)
	at sun.reflect.NativeMethodAccessorImpl.invoke(Unknown Source)
	at sun.reflect.DelegatingMethodAccessorImpl.invoke(Unknown Source)
	at java.lang.reflect.Method.invoke(Unknown Source)
	at org.jboss.arquillian.core.impl.ObserverImpl.invoke(ObserverImpl.java:86)
	at org.jboss.arquillian.core.impl.EventContextImpl.proceed(EventContextImpl.java:95)
	at org.jboss.arquillian.test.impl.TestContextHandler.createClassContext(TestContextHandler.java:83)
	at sun.reflect.NativeMethodAccessorImpl.invoke0(Native Method)
	at sun.reflect.NativeMethodAccessorImpl.invoke(Unknown Source)
	at sun.reflect.DelegatingMethodAccessorImpl.invoke(Unknown Source)
	at java.lang.reflect.Method.invoke(Unknown Source)
	at org.jboss.arquillian.core.impl.ObserverImpl.invoke(ObserverImpl.java:86)
	at org.jboss.arquillian.core.impl.EventContextImpl.proceed(EventContextImpl.java:95)
	at org.jboss.arquillian.test.impl.TestContextHandler.createSuiteContext(TestContextHandler.java:69)
	at sun.reflect.NativeMethodAccessorImpl.invoke0(Native Method)
	at sun.reflect.NativeMethodAccessorImpl.invoke(Unknown Source)
	at sun.reflect.DelegatingMethodAccessorImpl.invoke(Unknown Source)
	at java.lang.reflect.Method.invoke(Unknown Source)
	at org.jboss.arquillian.core.impl.ObserverImpl.invoke(ObserverImpl.java:86)
	at org.jboss.arquillian.core.impl.EventContextImpl.proceed(EventContextImpl.java:95)
	at org.jboss.arquillian.core.impl.ManagerImpl.fire(ManagerImpl.java:133)
	at org.jboss.arquillian.core.impl.ManagerImpl.fire(ManagerImpl.java:105)
	at org.jboss.arquillian.test.impl.EventTestRunnerAdaptor.fireCustomLifecycle(EventTestRunnerAdaptor.java:142)
	at org.jboss.arquillian.junit.Arquillian$7.evaluate(Arquillian.java:281)
	at org.junit.runners.ParentRunner.runLeaf(ParentRunner.java:325)
	at org.junit.runners.BlockJUnit4ClassRunner.runChild(BlockJUnit4ClassRunner.java:78)
	at org.junit.runners.BlockJUnit4ClassRunner.runChild(BlockJUnit4ClassRunner.java:57)
	at org.junit.runners.ParentRunner$3.run(ParentRunner.java:290)
	at org.junit.runners.ParentRunner$1.schedule(ParentRunner.java:71)
	at org.junit.runners.ParentRunner.runChildren(ParentRunner.java:288)
	at org.junit.runners.ParentRunner.access$000(ParentRunner.java:58)
	at org.junit.runners.ParentRunner$2.evaluate(ParentRunner.java:268)
	at org.jboss.arquillian.junit.Arquillian$2.evaluate(Arquillian.java:174)
	at org.jboss.arquillian.junit.Arquillian.multiExecute(Arquillian.java:376)
	at org.jboss.arquillian.junit.Arquillian.access$200(Arquillian.java:54)
	at org.jboss.arquillian.junit.Arquillian$3.evaluate(Arquillian.java:185)
	at org.junit.runners.ParentRunner.run(ParentRunner.java:363)
	at org.jboss.arquillian.junit.Arquillian.run(Arquillian.java:140)
	at org.junit.runner.JUnitCore.run(JUnitCore.java:137)
	at org.junit.runner.JUnitCore.run(JUnitCore.java:115)
	at org.jboss.arquillian.junit.container.JUnitTestRunner.execute(JUnitTestRunner.java:61)
	at org.jboss.arquillian.protocol.servlet.runner.ServletTestRunner.executeTest(ServletTestRunner.java:139)
	at org.jboss.arquillian.protocol.servlet.runner.ServletTestRunner.execute(ServletTestRunner.java:117)
	at org.jboss.arquillian.protocol.servlet.runner.ServletTestRunner.doGet(ServletTestRunner.java:86)
	at javax.servlet.http.HttpServlet.service(HttpServlet.java:687)
	at javax.servlet.http.HttpServlet.service(HttpServlet.java:790)
	at io.undertow.servlet.handlers.ServletHandler.handleRequest(ServletHandler.java:85)
	at io.undertow.servlet.handlers.security.ServletSecurityRoleHandler.handleRequest(ServletSecurityRoleHandler.java:62)
	at io.undertow.servlet.handlers.ServletDispatchingHandler.handleRequest(ServletDispatchingHandler.java:36)
	at org.wildfly.extension.undertow.security.SecurityContextAssociationHandler.handleRequest(SecurityContextAssociationHandler.java:78)
	at io.undertow.server.handlers.PredicateHandler.handleRequest(PredicateHandler.java:43)
	at io.undertow.servlet.handlers.security.SSLInformationAssociationHandler.handleRequest(SSLInformationAssociationHandler.java:131)
	at io.undertow.servlet.handlers.security.ServletAuthenticationCallHandler.handleRequest(ServletAuthenticationCallHandler.java:57)
	at io.undertow.server.handlers.PredicateHandler.handleRequest(PredicateHandler.java:43)
	at io.undertow.security.handlers.AbstractConfidentialityHandler.handleRequest(AbstractConfidentialityHandler.java:46)
	at io.undertow.servlet.handlers.security.ServletConfidentialityConstraintHandler.handleRequest(ServletConfidentialityConstraintHandler.java:64)
	at io.undertow.security.handlers.AuthenticationMechanismsHandler.handleRequest(AuthenticationMechanismsHandler.java:60)
	at io.undertow.servlet.handlers.security.CachedAuthenticatedSessionHandler.handleRequest(CachedAuthenticatedSessionHandler.java:77)
	at io.undertow.security.handlers.NotificationReceiverHandler.handleRequest(NotificationReceiverHandler.java:50)
	at io.undertow.security.handlers.AbstractSecurityContextAssociationHandler.handleRequest(AbstractSecurityContextAssociationHandler.java:43)
	at io.undertow.server.handlers.PredicateHandler.handleRequest(PredicateHandler.java:43)
	at org.wildfly.extension.undertow.security.jacc.JACCContextIdHandler.handleRequest(JACCContextIdHandler.java:61)
	at io.undertow.server.handlers.PredicateHandler.handleRequest(PredicateHandler.java:43)
	at org.wildfly.extension.undertow.deployment.GlobalRequestControllerHandler.handleRequest(GlobalRequestControllerHandler.java:68)
	at io.undertow.server.handlers.PredicateHandler.handleRequest(PredicateHandler.java:43)
	at io.undertow.servlet.handlers.ServletInitialHandler.handleFirstRequest(ServletInitialHandler.java:292)
	at io.undertow.servlet.handlers.ServletInitialHandler.access$100(ServletInitialHandler.java:81)
	at io.undertow.servlet.handlers.ServletInitialHandler$2.call(ServletInitialHandler.java:138)
	at io.undertow.servlet.handlers.ServletInitialHandler$2.call(ServletInitialHandler.java:135)
	at io.undertow.servlet.core.ServletRequestContextThreadSetupAction$1.call(ServletRequestContextThreadSetupAction.java:48)
	at io.undertow.servlet.core.ContextClassLoaderSetupAction$1.call(ContextClassLoaderSetupAction.java:43)
	at org.wildfly.extension.undertow.security.SecurityContextThreadSetupAction.lambda$create$0(SecurityContextThreadSetupAction.java:105)
	at org.wildfly.extension.undertow.deployment.UndertowDeploymentInfoService$UndertowThreadSetupAction.lambda$create$0(UndertowDeploymentInfoService.java:1508)
	at org.wildfly.extension.undertow.deployment.UndertowDeploymentInfoService$UndertowThreadSetupAction.lambda$create$0(UndertowDeploymentInfoService.java:1508)
	at org.wildfly.extension.undertow.deployment.UndertowDeploymentInfoService$UndertowThreadSetupAction.lambda$create$0(UndertowDeploymentInfoService.java:1508)
	at org.wildfly.extension.undertow.deployment.UndertowDeploymentInfoService$UndertowThreadSetupAction.lambda$create$0(UndertowDeploymentInfoService.java:1508)
	at org.wildfly.extension.undertow.deployment.UndertowDeploymentInfoService$UndertowThreadSetupAction.lambda$create$0(UndertowDeploymentInfoService.java:1508)
	at io.undertow.servlet.handlers.ServletInitialHandler.dispatchRequest(ServletInitialHandler.java:272)
	at io.undertow.servlet.handlers.ServletInitialHandler.access$000(ServletInitialHandler.java:81)
	at io.undertow.servlet.handlers.ServletInitialHandler$1.handleRequest(ServletInitialHandler.java:104)
	at io.undertow.server.Connectors.executeRootHandler(Connectors.java:326)
	at io.undertow.server.HttpServerExchange$1.run(HttpServerExchange.java:812)
	at java.util.concurrent.ThreadPoolExecutor.runWorker(Unknown Source)
	at java.util.concurrent.ThreadPoolExecutor$Worker.run(Unknown Source)
	at java.lang.Thread.run(Unknown Source)
</failure>
  </testcase>
  <testcase classname="loja.TesteServicoCategoria" name="teste03_atualizar" time="0.248">
    <error message="Transaction rolled back" type="javax.ejb.EJBTransactionRolledbackException">javax.ejb.EJBTransactionRolledbackException: Transaction rolled back
	at org.jboss.as.ejb3.tx.CMTTxInterceptor.handleEndTransactionException(CMTTxInterceptor.java:138)
	at org.jboss.as.ejb3.tx.CMTTxInterceptor.endTransaction(CMTTxInterceptor.java:118)
	at org.jboss.as.ejb3.tx.CMTTxInterceptor.invokeInOurTx(CMTTxInterceptor.java:279)
	at org.jboss.as.ejb3.tx.CMTTxInterceptor.required(CMTTxInterceptor.java:332)
	at org.jboss.as.ejb3.tx.CMTTxInterceptor.processInvocation(CMTTxInterceptor.java:240)
	at org.jboss.invocation.InterceptorContext.proceed(InterceptorContext.java:422)
	at org.jboss.invocation.InterceptorContext$Invocation.proceed(InterceptorContext.java:509)
	at org.jboss.weld.ejb.AbstractEJBRequestScopeActivationInterceptor.aroundInvoke(AbstractEJBRequestScopeActivationInterceptor.java:64)
	at org.jboss.as.weld.ejb.EjbRequestScopeActivationInterceptor.processInvocation(EjbRequestScopeActivationInterceptor.java:89)
	at org.jboss.invocation.InterceptorContext.proceed(InterceptorContext.java:422)
	at org.jboss.as.ejb3.component.interceptors.CurrentInvocationContextInterceptor.processInvocation(CurrentInvocationContextInterceptor.java:41)
	at org.jboss.invocation.InterceptorContext.proceed(InterceptorContext.java:422)
	at org.jboss.as.ejb3.component.invocationmetrics.WaitTimeInterceptor.processInvocation(WaitTimeInterceptor.java:47)
	at org.jboss.invocation.InterceptorContext.proceed(InterceptorContext.java:422)
	at org.jboss.as.ejb3.security.SecurityContextInterceptor.processInvocation(SecurityContextInterceptor.java:100)
	at org.jboss.invocation.InterceptorContext.proceed(InterceptorContext.java:422)
	at org.jboss.as.ejb3.deployment.processors.StartupAwaitInterceptor.processInvocation(StartupAwaitInterceptor.java:22)
	at org.jboss.invocation.InterceptorContext.proceed(InterceptorContext.java:422)
	at org.jboss.as.ejb3.component.interceptors.ShutDownInterceptorFactory$1.processInvocation(ShutDownInterceptorFactory.java:64)
	at org.jboss.invocation.InterceptorContext.proceed(InterceptorContext.java:422)
	at org.jboss.as.ejb3.component.interceptors.LoggingInterceptor.processInvocation(LoggingInterceptor.java:67)
	at org.jboss.invocation.InterceptorContext.proceed(InterceptorContext.java:422)
	at org.jboss.as.ee.component.NamespaceContextInterceptor.processInvocation(NamespaceContextInterceptor.java:50)
	at org.jboss.invocation.InterceptorContext.proceed(InterceptorContext.java:422)
	at org.jboss.as.ejb3.component.interceptors.AdditionalSetupInterceptor.processInvocation(AdditionalSetupInterceptor.java:54)
	at org.jboss.invocation.InterceptorContext.proceed(InterceptorContext.java:422)
	at org.jboss.invocation.ContextClassLoaderInterceptor.processInvocation(ContextClassLoaderInterceptor.java:60)
	at org.jboss.invocation.InterceptorContext.proceed(InterceptorContext.java:422)
	at org.jboss.invocation.InterceptorContext.run(InterceptorContext.java:438)
	at org.wildfly.security.manager.WildFlySecurityManager.doChecked(WildFlySecurityManager.java:609)
	at org.jboss.invocation.AccessCheckingInterceptor.processInvocation(AccessCheckingInterceptor.java:57)
	at org.jboss.invocation.InterceptorContext.proceed(InterceptorContext.java:422)
	at org.jboss.invocation.ChainedInterceptor.processInvocation(ChainedInterceptor.java:53)
	at org.jboss.as.ee.component.ViewService$View.invoke(ViewService.java:198)
	at org.jboss.as.ee.component.ViewDescription$1.processInvocation(ViewDescription.java:185)
	at org.jboss.as.ee.component.ProxyInvocationHandler.invoke(ProxyInvocationHandler.java:81)
	at br.unibh.loja.negocio.ServicoCategoria$$$view13.update(Unknown Source)
	at sun.reflect.NativeMethodAccessorImpl.invoke0(Native Method)
	at sun.reflect.NativeMethodAccessorImpl.invoke(Unknown Source)
	at sun.reflect.DelegatingMethodAccessorImpl.invoke(Unknown Source)
	at java.lang.reflect.Method.invoke(Unknown Source)
	at org.jboss.weld.util.reflection.Reflections.invokeAndUnwrap(Reflections.java:433)
	at org.jboss.weld.bean.proxy.EnterpriseBeanProxyMethodHandler.invoke(EnterpriseBeanProxyMethodHandler.java:127)
	at org.jboss.weld.bean.proxy.EnterpriseTargetBeanInstance.invoke(EnterpriseTargetBeanInstance.java:56)
	at org.jboss.weld.bean.proxy.InjectionPointPropagatingEnterpriseTargetBeanInstance.invoke(InjectionPointPropagatingEnterpriseTargetBeanInstance.java:67)
	at org.jboss.weld.bean.proxy.ProxyMethodHandler.invoke(ProxyMethodHandler.java:100)
	at br.unibh.loja.negocio.ServicoCategoria$Proxy$_$$_Weld$EnterpriseProxy$.update(Unknown Source)
	at loja.TesteServicoCategoria.teste03_atualizar(TesteServicoCategoria.java:78)
	at sun.reflect.NativeMethodAccessorImpl.invoke0(Native Method)
	at sun.reflect.NativeMethodAccessorImpl.invoke(Unknown Source)
	at sun.reflect.DelegatingMethodAccessorImpl.invoke(Unknown Source)
	at java.lang.reflect.Method.invoke(Unknown Source)
	at org.junit.runners.model.FrameworkMethod$1.runReflectiveCall(FrameworkMethod.java:50)
	at org.junit.internal.runners.model.ReflectiveCallable.run(ReflectiveCallable.java:12)
	at org.junit.runners.model.FrameworkMethod.invokeExplosively(FrameworkMethod.java:47)
	at org.jboss.arquillian.junit.Arquillian$8$1.invoke(Arquillian.java:334)
	at org.jboss.arquillian.container.test.impl.execution.LocalTestExecuter.execute(LocalTestExecuter.java:57)
	at sun.reflect.NativeMethodAccessorImpl.invoke0(Native Method)
	at sun.reflect.NativeMethodAccessorImpl.invoke(Unknown Source)
	at sun.reflect.DelegatingMethodAccessorImpl.invoke(Unknown Source)
	at java.lang.reflect.Method.invoke(Unknown Source)
	at org.jboss.arquillian.core.impl.ObserverImpl.invoke(ObserverImpl.java:86)
	at org.jboss.arquillian.core.impl.EventContextImpl.invokeObservers(EventContextImpl.java:103)
	at org.jboss.arquillian.core.impl.EventContextImpl.proceed(EventContextImpl.java:90)
	at org.jboss.arquillian.core.impl.ManagerImpl.fire(ManagerImpl.java:133)
	at org.jboss.arquillian.core.impl.ManagerImpl.fire(ManagerImpl.java:105)
	at org.jboss.arquillian.core.impl.EventImpl.fire(EventImpl.java:62)
	at org.jboss.arquillian.container.test.impl.execution.ContainerTestExecuter.execute(ContainerTestExecuter.java:36)
	at sun.reflect.NativeMethodAccessorImpl.invoke0(Native Method)
	at sun.reflect.NativeMethodAccessorImpl.invoke(Unknown Source)
	at sun.reflect.DelegatingMethodAccessorImpl.invoke(Unknown Source)
	at java.lang.reflect.Method.invoke(Unknown Source)
	at org.jboss.arquillian.core.impl.ObserverImpl.invoke(ObserverImpl.java:86)
	at org.jboss.arquillian.core.impl.EventContextImpl.invokeObservers(EventContextImpl.java:103)
	at org.jboss.arquillian.core.impl.EventContextImpl.proceed(EventContextImpl.java:90)
	at org.jboss.arquillian.test.impl.TestContextHandler.createTestContext(TestContextHandler.java:116)
	at sun.reflect.NativeMethodAccessorImpl.invoke0(Native Method)
	at sun.reflect.NativeMethodAccessorImpl.invoke(Unknown Source)
	at sun.reflect.DelegatingMethodAccessorImpl.invoke(Unknown Source)
	at java.lang.reflect.Method.invoke(Unknown Source)
	at org.jboss.arquillian.core.impl.ObserverImpl.invoke(ObserverImpl.java:86)
	at org.jboss.arquillian.core.impl.EventContextImpl.proceed(EventContextImpl.java:95)
	at org.jboss.arquillian.test.impl.TestContextHandler.createClassContext(TestContextHandler.java:83)
	at sun.reflect.GeneratedMethodAccessor31.invoke(Unknown Source)
	at sun.reflect.DelegatingMethodAccessorImpl.invoke(Unknown Source)
	at java.lang.reflect.Method.invoke(Unknown Source)
	at org.jboss.arquillian.core.impl.ObserverImpl.invoke(ObserverImpl.java:86)
	at org.jboss.arquillian.core.impl.EventContextImpl.proceed(EventContextImpl.java:95)
	at org.jboss.arquillian.test.impl.TestContextHandler.createSuiteContext(TestContextHandler.java:69)
	at sun.reflect.GeneratedMethodAccessor30.invoke(Unknown Source)
	at sun.reflect.DelegatingMethodAccessorImpl.invoke(Unknown Source)
	at java.lang.reflect.Method.invoke(Unknown Source)
	at org.jboss.arquillian.core.impl.ObserverImpl.invoke(ObserverImpl.java:86)
	at org.jboss.arquillian.core.impl.EventContextImpl.proceed(EventContextImpl.java:95)
	at org.jboss.arquillian.core.impl.ManagerImpl.fire(ManagerImpl.java:133)
	at org.jboss.arquillian.test.impl.EventTestRunnerAdaptor.test(EventTestRunnerAdaptor.java:122)
	at org.jboss.arquillian.junit.Arquillian$8.evaluate(Arquillian.java:330)
	at org.jboss.arquillian.junit.Arquillian$4.evaluate(Arquillian.java:212)
	at org.jboss.arquillian.junit.Arquillian.multiExecute(Arquillian.java:376)
	at org.jboss.arquillian.junit.Arquillian.access$200(Arquillian.java:54)
	at org.jboss.arquillian.junit.Arquillian$5.evaluate(Arquillian.java:223)
	at org.jboss.arquillian.junit.Arquillian$7$1.invoke(Arquillian.java:287)
	at org.jboss.arquillian.container.test.impl.execution.BeforeLifecycleEventExecuter.on(BeforeLifecycleEventExecuter.java:34)
	at sun.reflect.NativeMethodAccessorImpl.invoke0(Native Method)
	at sun.reflect.NativeMethodAccessorImpl.invoke(Unknown Source)
	at sun.reflect.DelegatingMethodAccessorImpl.invoke(Unknown Source)
	at java.lang.reflect.Method.invoke(Unknown Source)
	at org.jboss.arquillian.core.impl.ObserverImpl.invoke(ObserverImpl.java:86)
	at org.jboss.arquillian.core.impl.EventContextImpl.invokeObservers(EventContextImpl.java:103)
	at org.jboss.arquillian.core.impl.EventContextImpl.proceed(EventContextImpl.java:90)
	at org.jboss.arquillian.test.impl.TestContextHandler.createTestContext(TestContextHandler.java:116)
	at sun.reflect.NativeMethodAccessorImpl.invoke0(Native Method)
	at sun.reflect.NativeMethodAccessorImpl.invoke(Unknown Source)
	at sun.reflect.DelegatingMethodAccessorImpl.invoke(Unknown Source)
	at java.lang.reflect.Method.invoke(Unknown Source)
	at org.jboss.arquillian.core.impl.ObserverImpl.invoke(ObserverImpl.java:86)
	at org.jboss.arquillian.core.impl.EventContextImpl.proceed(EventContextImpl.java:95)
	at org.jboss.arquillian.test.impl.TestContextHandler.createClassContext(TestContextHandler.java:83)
	at sun.reflect.GeneratedMethodAccessor31.invoke(Unknown Source)
	at sun.reflect.DelegatingMethodAccessorImpl.invoke(Unknown Source)
	at java.lang.reflect.Method.invoke(Unknown Source)
	at org.jboss.arquillian.core.impl.ObserverImpl.invoke(ObserverImpl.java:86)
	at org.jboss.arquillian.core.impl.EventContextImpl.proceed(EventContextImpl.java:95)
	at org.jboss.arquillian.test.impl.TestContextHandler.createSuiteContext(TestContextHandler.java:69)
	at sun.reflect.GeneratedMethodAccessor30.invoke(Unknown Source)
	at sun.reflect.DelegatingMethodAccessorImpl.invoke(Unknown Source)
	at java.lang.reflect.Method.invoke(Unknown Source)
	at org.jboss.arquillian.core.impl.ObserverImpl.invoke(ObserverImpl.java:86)
	at org.jboss.arquillian.core.impl.EventContextImpl.proceed(EventContextImpl.java:95)
	at org.jboss.arquillian.core.impl.ManagerImpl.fire(ManagerImpl.java:133)
	at org.jboss.arquillian.core.impl.ManagerImpl.fire(ManagerImpl.java:105)
	at org.jboss.arquillian.test.impl.EventTestRunnerAdaptor.fireCustomLifecycle(EventTestRunnerAdaptor.java:142)
	at org.jboss.arquillian.junit.Arquillian$7.evaluate(Arquillian.java:281)
	at org.junit.runners.ParentRunner.runLeaf(ParentRunner.java:325)
	at org.junit.runners.BlockJUnit4ClassRunner.runChild(BlockJUnit4ClassRunner.java:78)
	at org.junit.runners.BlockJUnit4ClassRunner.runChild(BlockJUnit4ClassRunner.java:57)
	at org.junit.runners.ParentRunner$3.run(ParentRunner.java:290)
	at org.junit.runners.ParentRunner$1.schedule(ParentRunner.java:71)
	at org.junit.runners.ParentRunner.runChildren(ParentRunner.java:288)
	at org.junit.runners.ParentRunner.access$000(ParentRunner.java:58)
	at org.junit.runners.ParentRunner$2.evaluate(ParentRunner.java:268)
	at org.jboss.arquillian.junit.Arquillian$2.evaluate(Arquillian.java:174)
	at org.jboss.arquillian.junit.Arquillian.multiExecute(Arquillian.java:376)
	at org.jboss.arquillian.junit.Arquillian.access$200(Arquillian.java:54)
	at org.jboss.arquillian.junit.Arquillian$3.evaluate(Arquillian.java:185)
	at org.junit.runners.ParentRunner.run(ParentRunner.java:363)
	at org.jboss.arquillian.junit.Arquillian.run(Arquillian.java:140)
	at org.junit.runner.JUnitCore.run(JUnitCore.java:137)
	at org.junit.runner.JUnitCore.run(JUnitCore.java:115)
	at org.jboss.arquillian.junit.container.JUnitTestRunner.execute(JUnitTestRunner.java:61)
	at org.jboss.arquillian.protocol.servlet.runner.ServletTestRunner.executeTest(ServletTestRunner.java:139)
	at org.jboss.arquillian.protocol.servlet.runner.ServletTestRunner.execute(ServletTestRunner.java:117)
	at org.jboss.arquillian.protocol.servlet.runner.ServletTestRunner.doGet(ServletTestRunner.java:86)
	at javax.servlet.http.HttpServlet.service(HttpServlet.java:687)
	at javax.servlet.http.HttpServlet.service(HttpServlet.java:790)
	at io.undertow.servlet.handlers.ServletHandler.handleRequest(ServletHandler.java:85)
	at io.undertow.servlet.handlers.security.ServletSecurityRoleHandler.handleRequest(ServletSecurityRoleHandler.java:62)
	at io.undertow.servlet.handlers.ServletDispatchingHandler.handleRequest(ServletDispatchingHandler.java:36)
	at org.wildfly.extension.undertow.security.SecurityContextAssociationHandler.handleRequest(SecurityContextAssociationHandler.java:78)
	at io.undertow.server.handlers.PredicateHandler.handleRequest(PredicateHandler.java:43)
	at io.undertow.servlet.handlers.security.SSLInformationAssociationHandler.handleRequest(SSLInformationAssociationHandler.java:131)
	at io.undertow.servlet.handlers.security.ServletAuthenticationCallHandler.handleRequest(ServletAuthenticationCallHandler.java:57)
	at io.undertow.server.handlers.PredicateHandler.handleRequest(PredicateHandler.java:43)
	at io.undertow.security.handlers.AbstractConfidentialityHandler.handleRequest(AbstractConfidentialityHandler.java:46)
	at io.undertow.servlet.handlers.security.ServletConfidentialityConstraintHandler.handleRequest(ServletConfidentialityConstraintHandler.java:64)
	at io.undertow.security.handlers.AuthenticationMechanismsHandler.handleRequest(AuthenticationMechanismsHandler.java:60)
	at io.undertow.servlet.handlers.security.CachedAuthenticatedSessionHandler.handleRequest(CachedAuthenticatedSessionHandler.java:77)
	at io.undertow.security.handlers.NotificationReceiverHandler.handleRequest(NotificationReceiverHandler.java:50)
	at io.undertow.security.handlers.AbstractSecurityContextAssociationHandler.handleRequest(AbstractSecurityContextAssociationHandler.java:43)
	at io.undertow.server.handlers.PredicateHandler.handleRequest(PredicateHandler.java:43)
	at org.wildfly.extension.undertow.security.jacc.JACCContextIdHandler.handleRequest(JACCContextIdHandler.java:61)
	at io.undertow.server.handlers.PredicateHandler.handleRequest(PredicateHandler.java:43)
	at org.wildfly.extension.undertow.deployment.GlobalRequestControllerHandler.handleRequest(GlobalRequestControllerHandler.java:68)
	at io.undertow.server.handlers.PredicateHandler.handleRequest(PredicateHandler.java:43)
	at io.undertow.servlet.handlers.ServletInitialHandler.handleFirstRequest(ServletInitialHandler.java:292)
	at io.undertow.servlet.handlers.ServletInitialHandler.access$100(ServletInitialHandler.java:81)
	at io.undertow.servlet.handlers.ServletInitialHandler$2.call(ServletInitialHandler.java:138)
	at io.undertow.servlet.handlers.ServletInitialHandler$2.call(ServletInitialHandler.java:135)
	at io.undertow.servlet.core.ServletRequestContextThreadSetupAction$1.call(ServletRequestContextThreadSetupAction.java:48)
	at io.undertow.servlet.core.ContextClassLoaderSetupAction$1.call(ContextClassLoaderSetupAction.java:43)
	at org.wildfly.extension.undertow.security.SecurityContextThreadSetupAction.lambda$create$0(SecurityContextThreadSetupAction.java:105)
	at org.wildfly.extension.undertow.deployment.UndertowDeploymentInfoService$UndertowThreadSetupAction.lambda$create$0(UndertowDeploymentInfoService.java:1508)
	at org.wildfly.extension.undertow.deployment.UndertowDeploymentInfoService$UndertowThreadSetupAction.lambda$create$0(UndertowDeploymentInfoService.java:1508)
	at org.wildfly.extension.undertow.deployment.UndertowDeploymentInfoService$UndertowThreadSetupAction.lambda$create$0(UndertowDeploymentInfoService.java:1508)
	at org.wildfly.extension.undertow.deployment.UndertowDeploymentInfoService$UndertowThreadSetupAction.lambda$create$0(UndertowDeploymentInfoService.java:1508)
	at org.wildfly.extension.undertow.deployment.UndertowDeploymentInfoService$UndertowThreadSetupAction.lambda$create$0(UndertowDeploymentInfoService.java:1508)
	at io.undertow.servlet.handlers.ServletInitialHandler.dispatchRequest(ServletInitialHandler.java:272)
	at io.undertow.servlet.handlers.ServletInitialHandler.access$000(ServletInitialHandler.java:81)
	at io.undertow.servlet.handlers.ServletInitialHandler$1.handleRequest(ServletInitialHandler.java:104)
	at io.undertow.server.Connectors.executeRootHandler(Connectors.java:326)
	at io.undertow.server.HttpServerExchange$1.run(HttpServerExchange.java:812)
	at java.util.concurrent.ThreadPoolExecutor.runWorker(Unknown Source)
	at java.util.concurrent.ThreadPoolExecutor$Worker.run(Unknown Source)
	at java.lang.Thread.run(Unknown Source)
Caused by: javax.transaction.RollbackException: ARJUNA016053: Could not commit transaction.
	at com.arjuna.ats.internal.jta.transaction.arjunacore.TransactionImple.commitAndDisassociate(TransactionImple.java:1301)
	at com.arjuna.ats.internal.jta.transaction.arjunacore.BaseTransaction.commit(BaseTransaction.java:126)
	at com.arjuna.ats.jbossatx.BaseTransactionManagerDelegate.commit(BaseTransactionManagerDelegate.java:89)
	at org.wildfly.transaction.client.LocalTransaction.commitAndDissociate(LocalTransaction.java:73)
	at org.wildfly.transaction.client.ContextTransactionManager.commit(ContextTransactionManager.java:71)
	at org.jboss.as.ejb3.tx.CMTTxInterceptor.endTransaction(CMTTxInterceptor.java:92)
	... 192 more
Caused by: javax.persistence.PersistenceException: error during managed flush
	at org.hibernate.jpa.internal.EntityManagerImpl$CallbackExceptionMapperImpl.mapManagedFlushFailure(EntityManagerImpl.java:240)
	at org.hibernate.internal.SessionImpl.flushBeforeTransactionCompletion(SessionImpl.java:3166)
	at org.hibernate.internal.SessionImpl.beforeTransactionCompletion(SessionImpl.java:2352)
	at org.hibernate.engine.jdbc.internal.JdbcCoordinatorImpl.beforeTransactionCompletion(JdbcCoordinatorImpl.java:491)
	at org.hibernate.resource.transaction.backend.jta.internal.JtaTransactionCoordinatorImpl.beforeCompletion(JtaTransactionCoordinatorImpl.java:316)
	at org.hibernate.resource.transaction.backend.jta.internal.synchronization.SynchronizationCallbackCoordinatorNonTrackingImpl.beforeCompletion(SynchronizationCallbackCoordinatorNonTrackingImpl.java:47)
	at org.hibernate.resource.transaction.backend.jta.internal.synchronization.RegisteredSynchronization.beforeCompletion(RegisteredSynchronization.java:37)
	at org.jboss.as.txn.service.internal.tsr.JCAOrderedLastSynchronizationList.beforeCompletion(JCAOrderedLastSynchronizationList.java:116)
	at org.wildfly.transaction.client.AbstractTransaction.performConsumer(AbstractTransaction.java:209)
	at org.wildfly.transaction.client.AbstractTransaction.performConsumer(AbstractTransaction.java:220)
	at org.wildfly.transaction.client.AbstractTransaction$AssociatingSynchronization.beforeCompletion(AbstractTransaction.java:265)
	at com.arjuna.ats.internal.jta.resources.arjunacore.SynchronizationImple.beforeCompletion(SynchronizationImple.java:76)
	at com.arjuna.ats.arjuna.coordinator.TwoPhaseCoordinator.beforeCompletion(TwoPhaseCoordinator.java:368)
	at com.arjuna.ats.arjuna.coordinator.TwoPhaseCoordinator.end(TwoPhaseCoordinator.java:91)
	at com.arjuna.ats.arjuna.AtomicAction.commit(AtomicAction.java:162)
	at com.arjuna.ats.internal.jta.transaction.arjunacore.TransactionImple.commitAndDisassociate(TransactionImple.java:1289)
	... 197 more
Caused by: org.jboss.arquillian.test.spi.ArquillianProxyException: javax.validation.ConstraintViolationException : Validation failed for classes [br.unibh.loja.entidades.Categoria] during update time for groups [javax.validation.groups.Default, ]
List of constraint violations:[
	ConstraintViolationImpl{interpolatedMessage=&apos;Caracteres inválidos (Descrição)&apos;, propertyPath=descricao, rootBeanClass=class br.unibh.loja.entidades.Categoria, messageTemplate=&apos;Caracteres inválidos (Descrição)&apos;}
] [Proxied because : Original exception caused: class java.io.NotSerializableException: br.unibh.loja.entidades.Categoria]
	at org.hibernate.cfg.beanvalidation.BeanValidationEventListener.validate(BeanValidationEventListener.java:138)
	at org.hibernate.cfg.beanvalidation.BeanValidationEventListener.onPreUpdate(BeanValidationEventListener.java:86)
	at org.hibernate.action.internal.EntityUpdateAction.preUpdate(EntityUpdateAction.java:244)
	at org.hibernate.action.internal.EntityUpdateAction.execute(EntityUpdateAction.java:118)
	at org.hibernate.engine.spi.ActionQueue.executeActions(ActionQueue.java:589)
	at org.hibernate.engine.spi.ActionQueue.executeActions(ActionQueue.java:463)
	at org.hibernate.event.internal.AbstractFlushingEventListener.performExecutions(AbstractFlushingEventListener.java:337)
	at org.hibernate.event.internal.DefaultFlushEventListener.onFlush(DefaultFlushEventListener.java:39)
	at org.hibernate.internal.SessionImpl.flush(SessionImpl.java:1295)
	at org.hibernate.internal.SessionImpl.managedFlush(SessionImpl.java:468)
	at org.hibernate.internal.SessionImpl.flushBeforeTransactionCompletion(SessionImpl.java:3159)
	... 211 more
</error>
  </testcase>
  <testcase classname="loja.TesteServicoCategoria" name="teste04_excluir" time="0.059">
    <error message="Index: 0, Size: 0" type="java.lang.IndexOutOfBoundsException">java.lang.IndexOutOfBoundsException: Index: 0, Size: 0
	at java.util.ArrayList.rangeCheck(Unknown Source)
	at java.util.ArrayList.get(Unknown Source)
	at loja.TesteServicoCategoria.teste04_excluir(TesteServicoCategoria.java:87)
	at sun.reflect.NativeMethodAccessorImpl.invoke0(Native Method)
	at sun.reflect.NativeMethodAccessorImpl.invoke(Unknown Source)
	at sun.reflect.DelegatingMethodAccessorImpl.invoke(Unknown Source)
	at java.lang.reflect.Method.invoke(Unknown Source)
	at org.junit.runners.model.FrameworkMethod$1.runReflectiveCall(FrameworkMethod.java:50)
	at org.junit.internal.runners.model.ReflectiveCallable.run(ReflectiveCallable.java:12)
	at org.junit.runners.model.FrameworkMethod.invokeExplosively(FrameworkMethod.java:47)
	at org.jboss.arquillian.junit.Arquillian$8$1.invoke(Arquillian.java:334)
	at org.jboss.arquillian.container.test.impl.execution.LocalTestExecuter.execute(LocalTestExecuter.java:57)
	at sun.reflect.NativeMethodAccessorImpl.invoke0(Native Method)
	at sun.reflect.NativeMethodAccessorImpl.invoke(Unknown Source)
	at sun.reflect.DelegatingMethodAccessorImpl.invoke(Unknown Source)
	at java.lang.reflect.Method.invoke(Unknown Source)
	at org.jboss.arquillian.core.impl.ObserverImpl.invoke(ObserverImpl.java:86)
	at org.jboss.arquillian.core.impl.EventContextImpl.invokeObservers(EventContextImpl.java:103)
	at org.jboss.arquillian.core.impl.EventContextImpl.proceed(EventContextImpl.java:90)
	at org.jboss.arquillian.core.impl.ManagerImpl.fire(ManagerImpl.java:133)
	at org.jboss.arquillian.core.impl.ManagerImpl.fire(ManagerImpl.java:105)
	at org.jboss.arquillian.core.impl.EventImpl.fire(EventImpl.java:62)
	at org.jboss.arquillian.container.test.impl.execution.ContainerTestExecuter.execute(ContainerTestExecuter.java:36)
	at sun.reflect.NativeMethodAccessorImpl.invoke0(Native Method)
	at sun.reflect.NativeMethodAccessorImpl.invoke(Unknown Source)
	at sun.reflect.DelegatingMethodAccessorImpl.invoke(Unknown Source)
	at java.lang.reflect.Method.invoke(Unknown Source)
	at org.jboss.arquillian.core.impl.ObserverImpl.invoke(ObserverImpl.java:86)
	at org.jboss.arquillian.core.impl.EventContextImpl.invokeObservers(EventContextImpl.java:103)
	at org.jboss.arquillian.core.impl.EventContextImpl.proceed(EventContextImpl.java:90)
	at org.jboss.arquillian.test.impl.TestContextHandler.createTestContext(TestContextHandler.java:116)
	at sun.reflect.GeneratedMethodAccessor32.invoke(Unknown Source)
	at sun.reflect.DelegatingMethodAccessorImpl.invoke(Unknown Source)
	at java.lang.reflect.Method.invoke(Unknown Source)
	at org.jboss.arquillian.core.impl.ObserverImpl.invoke(ObserverImpl.java:86)
	at org.jboss.arquillian.core.impl.EventContextImpl.proceed(EventContextImpl.java:95)
	at org.jboss.arquillian.test.impl.TestContextHandler.createClassContext(TestContextHandler.java:83)
	at sun.reflect.GeneratedMethodAccessor31.invoke(Unknown Source)
	at sun.reflect.DelegatingMethodAccessorImpl.invoke(Unknown Source)
	at java.lang.reflect.Method.invoke(Unknown Source)
	at org.jboss.arquillian.core.impl.ObserverImpl.invoke(ObserverImpl.java:86)
	at org.jboss.arquillian.core.impl.EventContextImpl.proceed(EventContextImpl.java:95)
	at org.jboss.arquillian.test.impl.TestContextHandler.createSuiteContext(TestContextHandler.java:69)
	at sun.reflect.GeneratedMethodAccessor30.invoke(Unknown Source)
	at sun.reflect.DelegatingMethodAccessorImpl.invoke(Unknown Source)
	at java.lang.reflect.Method.invoke(Unknown Source)
	at org.jboss.arquillian.core.impl.ObserverImpl.invoke(ObserverImpl.java:86)
	at org.jboss.arquillian.core.impl.EventContextImpl.proceed(EventContextImpl.java:95)
	at org.jboss.arquillian.core.impl.ManagerImpl.fire(ManagerImpl.java:133)
	at org.jboss.arquillian.test.impl.EventTestRunnerAdaptor.test(EventTestRunnerAdaptor.java:122)
	at org.jboss.arquillian.junit.Arquillian$8.evaluate(Arquillian.java:330)
	at org.jboss.arquillian.junit.Arquillian$4.evaluate(Arquillian.java:212)
	at org.jboss.arquillian.junit.Arquillian.multiExecute(Arquillian.java:376)
	at org.jboss.arquillian.junit.Arquillian.access$200(Arquillian.java:54)
	at org.jboss.arquillian.junit.Arquillian$5.evaluate(Arquillian.java:223)
	at org.jboss.arquillian.junit.Arquillian$7$1.invoke(Arquillian.java:287)
	at org.jboss.arquillian.container.test.impl.execution.BeforeLifecycleEventExecuter.on(BeforeLifecycleEventExecuter.java:34)
	at sun.reflect.NativeMethodAccessorImpl.invoke0(Native Method)
	at sun.reflect.NativeMethodAccessorImpl.invoke(Unknown Source)
	at sun.reflect.DelegatingMethodAccessorImpl.invoke(Unknown Source)
	at java.lang.reflect.Method.invoke(Unknown Source)
	at org.jboss.arquillian.core.impl.ObserverImpl.invoke(ObserverImpl.java:86)
	at org.jboss.arquillian.core.impl.EventContextImpl.invokeObservers(EventContextImpl.java:103)
	at org.jboss.arquillian.core.impl.EventContextImpl.proceed(EventContextImpl.java:90)
	at org.jboss.arquillian.test.impl.TestContextHandler.createTestContext(TestContextHandler.java:116)
	at sun.reflect.GeneratedMethodAccessor32.invoke(Unknown Source)
	at sun.reflect.DelegatingMethodAccessorImpl.invoke(Unknown Source)
	at java.lang.reflect.Method.invoke(Unknown Source)
	at org.jboss.arquillian.core.impl.ObserverImpl.invoke(ObserverImpl.java:86)
	at org.jboss.arquillian.core.impl.EventContextImpl.proceed(EventContextImpl.java:95)
	at org.jboss.arquillian.test.impl.TestContextHandler.createClassContext(TestContextHandler.java:83)
	at sun.reflect.GeneratedMethodAccessor31.invoke(Unknown Source)
	at sun.reflect.DelegatingMethodAccessorImpl.invoke(Unknown Source)
	at java.lang.reflect.Method.invoke(Unknown Source)
	at org.jboss.arquillian.core.impl.ObserverImpl.invoke(ObserverImpl.java:86)
	at org.jboss.arquillian.core.impl.EventContextImpl.proceed(EventContextImpl.java:95)
	at org.jboss.arquillian.test.impl.TestContextHandler.createSuiteContext(TestContextHandler.java:69)
	at sun.reflect.GeneratedMethodAccessor30.invoke(Unknown Source)
	at sun.reflect.DelegatingMethodAccessorImpl.invoke(Unknown Source)
	at java.lang.reflect.Method.invoke(Unknown Source)
	at org.jboss.arquillian.core.impl.ObserverImpl.invoke(ObserverImpl.java:86)
	at org.jboss.arquillian.core.impl.EventContextImpl.proceed(EventContextImpl.java:95)
	at org.jboss.arquillian.core.impl.ManagerImpl.fire(ManagerImpl.java:133)
	at org.jboss.arquillian.core.impl.ManagerImpl.fire(ManagerImpl.java:105)
	at org.jboss.arquillian.test.impl.EventTestRunnerAdaptor.fireCustomLifecycle(EventTestRunnerAdaptor.java:142)
	at org.jboss.arquillian.junit.Arquillian$7.evaluate(Arquillian.java:281)
	at org.junit.runners.ParentRunner.runLeaf(ParentRunner.java:325)
	at org.junit.runners.BlockJUnit4ClassRunner.runChild(BlockJUnit4ClassRunner.java:78)
	at org.junit.runners.BlockJUnit4ClassRunner.runChild(BlockJUnit4ClassRunner.java:57)
	at org.junit.runners.ParentRunner$3.run(ParentRunner.java:290)
	at org.junit.runners.ParentRunner$1.schedule(ParentRunner.java:71)
	at org.junit.runners.ParentRunner.runChildren(ParentRunner.java:288)
	at org.junit.runners.ParentRunner.access$000(ParentRunner.java:58)
	at org.junit.runners.ParentRunner$2.evaluate(ParentRunner.java:268)
	at org.jboss.arquillian.junit.Arquillian$2.evaluate(Arquillian.java:174)
	at org.jboss.arquillian.junit.Arquillian.multiExecute(Arquillian.java:376)
	at org.jboss.arquillian.junit.Arquillian.access$200(Arquillian.java:54)
	at org.jboss.arquillian.junit.Arquillian$3.evaluate(Arquillian.java:185)
	at org.junit.runners.ParentRunner.run(ParentRunner.java:363)
	at org.jboss.arquillian.junit.Arquillian.run(Arquillian.java:140)
	at org.junit.runner.JUnitCore.run(JUnitCore.java:137)
	at org.junit.runner.JUnitCore.run(JUnitCore.java:115)
	at org.jboss.arquillian.junit.container.JUnitTestRunner.execute(JUnitTestRunner.java:61)
	at org.jboss.arquillian.protocol.servlet.runner.ServletTestRunner.executeTest(ServletTestRunner.java:139)
	at org.jboss.arquillian.protocol.servlet.runner.ServletTestRunner.execute(ServletTestRunner.java:117)
	at org.jboss.arquillian.protocol.servlet.runner.ServletTestRunner.doGet(ServletTestRunner.java:86)
	at javax.servlet.http.HttpServlet.service(HttpServlet.java:687)
	at javax.servlet.http.HttpServlet.service(HttpServlet.java:790)
	at io.undertow.servlet.handlers.ServletHandler.handleRequest(ServletHandler.java:85)
	at io.undertow.servlet.handlers.security.ServletSecurityRoleHandler.handleRequest(ServletSecurityRoleHandler.java:62)
	at io.undertow.servlet.handlers.ServletDispatchingHandler.handleRequest(ServletDispatchingHandler.java:36)
	at org.wildfly.extension.undertow.security.SecurityContextAssociationHandler.handleRequest(SecurityContextAssociationHandler.java:78)
	at io.undertow.server.handlers.PredicateHandler.handleRequest(PredicateHandler.java:43)
	at io.undertow.servlet.handlers.security.SSLInformationAssociationHandler.handleRequest(SSLInformationAssociationHandler.java:131)
	at io.undertow.servlet.handlers.security.ServletAuthenticationCallHandler.handleRequest(ServletAuthenticationCallHandler.java:57)
	at io.undertow.server.handlers.PredicateHandler.handleRequest(PredicateHandler.java:43)
	at io.undertow.security.handlers.AbstractConfidentialityHandler.handleRequest(AbstractConfidentialityHandler.java:46)
	at io.undertow.servlet.handlers.security.ServletConfidentialityConstraintHandler.handleRequest(ServletConfidentialityConstraintHandler.java:64)
	at io.undertow.security.handlers.AuthenticationMechanismsHandler.handleRequest(AuthenticationMechanismsHandler.java:60)
	at io.undertow.servlet.handlers.security.CachedAuthenticatedSessionHandler.handleRequest(CachedAuthenticatedSessionHandler.java:77)
	at io.undertow.security.handlers.NotificationReceiverHandler.handleRequest(NotificationReceiverHandler.java:50)
	at io.undertow.security.handlers.AbstractSecurityContextAssociationHandler.handleRequest(AbstractSecurityContextAssociationHandler.java:43)
	at io.undertow.server.handlers.PredicateHandler.handleRequest(PredicateHandler.java:43)
	at org.wildfly.extension.undertow.security.jacc.JACCContextIdHandler.handleRequest(JACCContextIdHandler.java:61)
	at io.undertow.server.handlers.PredicateHandler.handleRequest(PredicateHandler.java:43)
	at org.wildfly.extension.undertow.deployment.GlobalRequestControllerHandler.handleRequest(GlobalRequestControllerHandler.java:68)
	at io.undertow.server.handlers.PredicateHandler.handleRequest(PredicateHandler.java:43)
	at io.undertow.servlet.handlers.ServletInitialHandler.handleFirstRequest(ServletInitialHandler.java:292)
	at io.undertow.servlet.handlers.ServletInitialHandler.access$100(ServletInitialHandler.java:81)
	at io.undertow.servlet.handlers.ServletInitialHandler$2.call(ServletInitialHandler.java:138)
	at io.undertow.servlet.handlers.ServletInitialHandler$2.call(ServletInitialHandler.java:135)
	at io.undertow.servlet.core.ServletRequestContextThreadSetupAction$1.call(ServletRequestContextThreadSetupAction.java:48)
	at io.undertow.servlet.core.ContextClassLoaderSetupAction$1.call(ContextClassLoaderSetupAction.java:43)
	at org.wildfly.extension.undertow.security.SecurityContextThreadSetupAction.lambda$create$0(SecurityContextThreadSetupAction.java:105)
	at org.wildfly.extension.undertow.deployment.UndertowDeploymentInfoService$UndertowThreadSetupAction.lambda$create$0(UndertowDeploymentInfoService.java:1508)
	at org.wildfly.extension.undertow.deployment.UndertowDeploymentInfoService$UndertowThreadSetupAction.lambda$create$0(UndertowDeploymentInfoService.java:1508)
	at org.wildfly.extension.undertow.deployment.UndertowDeploymentInfoService$UndertowThreadSetupAction.lambda$create$0(UndertowDeploymentInfoService.java:1508)
	at org.wildfly.extension.undertow.deployment.UndertowDeploymentInfoService$UndertowThreadSetupAction.lambda$create$0(UndertowDeploymentInfoService.java:1508)
	at org.wildfly.extension.undertow.deployment.UndertowDeploymentInfoService$UndertowThreadSetupAction.lambda$create$0(UndertowDeploymentInfoService.java:1508)
	at io.undertow.servlet.handlers.ServletInitialHandler.dispatchRequest(ServletInitialHandler.java:272)
	at io.undertow.servlet.handlers.ServletInitialHandler.access$000(ServletInitialHandler.java:81)
	at io.undertow.servlet.handlers.ServletInitialHandler$1.handleRequest(ServletInitialHandler.java:104)
	at io.undertow.server.Connectors.executeRootHandler(Connectors.java:326)
	at io.undertow.server.HttpServerExchange$1.run(HttpServerExchange.java:812)
	at java.util.concurrent.ThreadPoolExecutor.runWorker(Unknown Source)
	at java.util.concurrent.ThreadPoolExecutor$Worker.run(Unknown Source)
	at java.lang.Thread.run(Unknown Source)
</error>
  </testcase>
</testsuite>